2026-04-09 15:09:10:910 [32minfo[39m: [32mConnected to MongoDB[39m
2026-04-09 15:09:10:910 [32minfo[39m: [32mSuperadmin created: admin@hnue.edu.vn[39m
2026-04-09 15:12:42:1242 [32minfo[39m: [32mConnected to MongoDB[39m
2026-04-09 15:12:42:1242 [32minfo[39m: [32mSuperadmin already exists[39m
2026-04-09 15:12:42:1242 [32minfo[39m: [32mServer is running on port 5001[39m
2026-04-09 15:15:28:1528 [32minfo[39m: [32mConnected to MongoDB[39m
2026-04-09 15:15:28:1528 [32minfo[39m: [32mSuperadmin already exists[39m
2026-04-09 15:15:28:1528 [32minfo[39m: [32mServer is running on port 5001[39m
2026-04-09 15:15:28:1528 [32minfo[39m: [32mConnected to MongoDB[39m
2026-04-09 15:15:28:1528 [32minfo[39m: [32mConnected to MongoDB[39m
2026-04-09 15:15:28:1528 [32minfo[39m: [32mSuperadmin already exists[39m
2026-04-09 15:15:28:1528 [32minfo[39m: [32mServer is running on port 5001[39m
2026-04-09 15:15:34:1534 [32minfo[39m: [32mConnected to MongoDB[39m
2026-04-09 15:15:34:1534 [32minfo[39m: [32mSuperadmin already exists[39m
2026-04-09 15:15:34:1534 [32minfo[39m: [32mServer is running on port 5001[39m
2026-04-09 15:16:31:1631 [32minfo[39m: [32mConnected to MongoDB[39m
2026-04-09 15:16:31:1631 [32minfo[39m: [32mSuperadmin already exists[39m
2026-04-09 15:16:31:1631 [32minfo[39m: [32mServer is running on port 5001[39m
2026-04-09 15:18:26:1826 [32minfo[39m: [32mConnected to MongoDB[39m
2026-04-09 15:18:26:1826 [32minfo[39m: [32mSuperadmin credentials synced[39m
2026-04-09 15:18:26:1826 [32minfo[39m: [32mServer is running on port 5001[39m
2026-04-09 15:18:54:1854 [32minfo[39m: [32mConnected to MongoDB[39m
2026-04-09 15:18:54:1854 [32minfo[39m: [32mSuperadmin credentials synced[39m
2026-04-09 15:18:54:1854 [32minfo[39m: [32mServer is running on port 5001[39m
2026-04-09 15:27:28:2728 [32minfo[39m: [32mConnected to MongoDB[39m
2026-04-09 15:27:28:2728 [32minfo[39m: [32mSuperadmin credentials synced[39m
2026-04-09 15:32:29:3229 [32minfo[39m: [32mConnected to MongoDB[39m
2026-04-09 15:32:29:3229 [32minfo[39m: [32mConnected to MongoDB[39m
2026-04-09 15:32:29:3229 [32minfo[39m: [32mSuperadmin credentials synced[39m
2026-04-09 15:32:29:3229 [32minfo[39m: [32mSuperadmin credentials synced[39m
2026-04-09 15:32:29:3229 [32minfo[39m: [32mCategories seeded[39m
2026-04-09 15:32:29:3229 [31merror[39m: [31mCould not connect to MongoDB E11000 duplicate key error collection: hnue-digital-library.categories index: name_1 dup key: { name: "Giáo dục" }[39m
2026-04-09 15:32:29:3229 [32minfo[39m: [32mBooks seeded[39m
2026-04-09 15:32:29:3229 [32minfo[39m: [32mServer is running on port 5001[39m
2026-04-09 15:33:16:3316 [32minfo[39m: [32mConnected to MongoDB[39m
2026-04-09 15:33:16:3316 [32minfo[39m: [32mSuperadmin credentials synced[39m
2026-04-09 15:33:16:3316 [32minfo[39m: [32mCategories seeded[39m
2026-04-09 15:33:16:3316 [32minfo[39m: [32mBooks seeded[39m
2026-04-09 15:33:30:3330 [32minfo[39m: [32mConnected to MongoDB[39m
2026-04-09 15:33:30:3330 [32minfo[39m: [32mSuperadmin credentials synced[39m
2026-04-09 15:33:30:3330 [32minfo[39m: [32mCategories seeded[39m
2026-04-09 15:33:30:3330 [32minfo[39m: [32mBooks seeded[39m
2026-04-09 15:33:30:3330 [32minfo[39m: [32mServer is running on port 5001[39m
2026-04-09 15:43:09:439 [32minfo[39m: [32mConnected to MongoDB[39m
2026-04-09 15:43:09:439 [32minfo[39m: [32mSuperadmin credentials synced[39m
2026-04-09 15:43:09:439 [32minfo[39m: [32mCategories seeded[39m
2026-04-09 15:43:09:439 [32minfo[39m: [32mBooks seeded[39m
2026-04-09 15:43:09:439 [32minfo[39m: [32mServer is running on port 5001[39m
2026-04-09 15:47:21:4721 [32minfo[39m: [32mConnected to MongoDB[39m
2026-04-09 15:47:21:4721 [32minfo[39m: [32mSuperadmin credentials synced[39m
2026-04-09 15:47:21:4721 [32minfo[39m: [32mCategories seeded[39m
2026-04-09 15:47:21:4721 [32minfo[39m: [32mBooks seeded[39m
2026-04-09 15:47:29:4729 [32minfo[39m: [32mConnected to MongoDB[39m
2026-04-09 15:47:29:4729 [32minfo[39m: [32mSuperadmin credentials synced[39m
2026-04-09 15:47:29:4729 [32minfo[39m: [32mCategories seeded[39m
2026-04-09 15:47:29:4729 [32minfo[39m: [32mBooks seeded[39m
2026-04-09 15:47:29:4729 [32minfo[39m: [32mServer is running on port 5001[39m
2026-04-09 15:48:30:4830 [32minfo[39m: [32mConnected to MongoDB[39m
2026-04-09 15:48:30:4830 [32minfo[39m: [32mSuperadmin credentials synced[39m
2026-04-09 15:48:30:4830 [32minfo[39m: [32mCategories seeded[39m
2026-04-09 15:48:30:4830 [32minfo[39m: [32mBooks seeded[39m
2026-04-09 15:48:30:4830 [32minfo[39m: [32mServer is running on port 5001[39m
2026-04-09 15:49:51:4951 [32minfo[39m: [32mConnected to MongoDB[39m
2026-04-09 15:49:51:4951 [32minfo[39m: [32mSuperadmin credentials synced[39m
2026-04-09 15:49:51:4951 [32minfo[39m: [32mCategories seeded[39m
2026-04-09 15:49:51:4951 [32minfo[39m: [32mBooks seeded[39m
2026-04-09 15:49:51:4951 [32minfo[39m: [32mServer is running on port 5001[39m
2026-04-09 15:51:14:5114 [32minfo[39m: [32mConnected to MongoDB[39m
2026-04-09 15:51:14:5114 [32minfo[39m: [32mSuperadmin credentials synced[39m
2026-04-09 15:51:14:5114 [32minfo[39m: [32mCategories seeded[39m
2026-04-09 15:51:14:5114 [32minfo[39m: [32mBooks seeded[39m
2026-04-09 15:51:14:5114 [32minfo[39m: [32mServer is running on port 5001[39m
2026-04-09 15:51:32:5132 [32minfo[39m: [32mConnected to MongoDB[39m
2026-04-09 15:51:33:5133 [32minfo[39m: [32mSuperadmin credentials synced[39m
2026-04-09 15:51:33:5133 [32minfo[39m: [32mCategories seeded[39m
2026-04-09 15:51:33:5133 [32minfo[39m: [32mBooks seeded[39m
2026-04-09 15:51:33:5133 [32minfo[39m: [32mServer is running on port 5001[39m
2026-04-09 15:51:39:5139 [32minfo[39m: [32mConnected to MongoDB[39m
2026-04-09 15:51:39:5139 [32minfo[39m: [32mSuperadmin credentials synced[39m
2026-04-09 15:51:39:5139 [32minfo[39m: [32mCategories seeded[39m
2026-04-09 15:51:39:5139 [32minfo[39m: [32mBooks seeded[39m
2026-04-09 15:51:39:5139 [32minfo[39m: [32mServer is running on port 5001[39m
2026-04-09 15:57:00:570 [32minfo[39m: [32mConnected to MongoDB[39m
2026-04-09 15:57:00:570 [32minfo[39m: [32mSuperadmin credentials synced[39m
2026-04-09 15:57:00:570 [32minfo[39m: [32mCategories seeded[39m
2026-04-09 15:57:00:570 [32minfo[39m: [32mBooks seeded[39m
2026-04-09 15:57:00:570 [32minfo[39m: [32mServer is running on port 5001[39m
2026-04-09 15:57:08:578 [32minfo[39m: [32mConnected to MongoDB[39m
2026-04-09 15:57:08:578 [32minfo[39m: [32mSuperadmin credentials synced[39m
2026-04-09 15:57:08:578 [32minfo[39m: [32mCategories seeded[39m
2026-04-09 15:57:08:578 [32minfo[39m: [32mBooks seeded[39m
2026-04-09 15:57:08:578 [32minfo[39m: [32mServer is running on port 5001[39m
2026-04-09 15:59:35:5935 [32minfo[39m: [32mConnected to MongoDB[39m
2026-04-09 15:59:35:5935 [32minfo[39m: [32mSuperadmin credentials synced[39m
2026-04-09 15:59:35:5935 [32minfo[39m: [32mCategories seeded[39m
2026-04-09 15:59:35:5935 [32minfo[39m: [32mBooks seeded[39m
2026-04-09 15:59:35:5935 [32minfo[39m: [32mServer is running on port 5001[39m
2026-04-09 16:02:00:20 [32minfo[39m: [32mConnected to MongoDB[39m
2026-04-09 16:02:00:20 [32minfo[39m: [32mSuperadmin credentials synced[39m
2026-04-09 16:02:00:20 [32minfo[39m: [32mCategories seeded[39m
2026-04-09 16:02:00:20 [32minfo[39m: [32mBooks seeded[39m
2026-04-09 16:02:00:20 [32minfo[39m: [32mServer is running on port 5001[39m
2026-04-09 16:04:22:422 [32minfo[39m: [32mConnected to MongoDB[39m
2026-04-09 16:04:22:422 [32minfo[39m: [32mSuperadmin credentials synced[39m
2026-04-09 16:04:22:422 [32minfo[39m: [32mCategories seeded[39m
2026-04-09 16:04:22:422 [32minfo[39m: [32mBooks seeded[39m
2026-04-09 16:04:22:422 [32minfo[39m: [32mServer is running on port 5001[39m
2026-04-09 16:04:29:429 [32minfo[39m: [32mConnected to MongoDB[39m
2026-04-09 16:04:29:429 [32minfo[39m: [32mSuperadmin credentials synced[39m
2026-04-09 16:04:29:429 [32minfo[39m: [32mCategories seeded[39m
2026-04-09 16:04:29:429 [32minfo[39m: [32mBooks seeded[39m
2026-04-09 16:04:29:429 [32minfo[39m: [32mServer is running on port 5001[39m
2026-04-09 16:06:56:656 [32minfo[39m: [32mConnected to MongoDB[39m
2026-04-09 16:06:56:656 [32minfo[39m: [32mSuperadmin credentials synced[39m
2026-04-09 16:06:56:656 [32minfo[39m: [32mCategories seeded[39m
2026-04-09 16:06:56:656 [32minfo[39m: [32mBooks seeded[39m
2026-04-09 16:06:56:656 [32minfo[39m: [32mServer is running on port 5001[39m
2026-04-09 16:10:52:1052 [32minfo[39m: [32mConnected to MongoDB[39m
2026-04-09 16:10:52:1052 [32minfo[39m: [32mSuperadmin credentials synced[39m
2026-04-09 16:10:52:1052 [32minfo[39m: [32mCategories seeded[39m
2026-04-09 16:10:52:1052 [32minfo[39m: [32mBooks seeded[39m
2026-04-09 16:10:52:1052 [32minfo[39m: [32mServer is running on port 5001[39m
2026-04-09 16:10:57:1057 [32minfo[39m: [32mConnected to MongoDB[39m
2026-04-09 16:10:58:1058 [32minfo[39m: [32mSuperadmin credentials synced[39m
2026-04-09 16:10:58:1058 [32minfo[39m: [32mCategories seeded[39m
2026-04-09 16:10:58:1058 [32minfo[39m: [32mBooks seeded[39m
2026-04-09 16:10:58:1058 [32minfo[39m: [32mServer is running on port 5001[39m
2026-04-09 16:11:08:118 [32minfo[39m: [32mConnected to MongoDB[39m
2026-04-09 16:11:08:118 [32minfo[39m: [32mSuperadmin credentials synced[39m
2026-04-09 16:11:08:118 [32minfo[39m: [32mCategories seeded[39m
2026-04-09 16:11:08:118 [32minfo[39m: [32mBooks seeded[39m
2026-04-09 16:11:08:118 [32minfo[39m: [32mServer is running on port 5001[39m
2026-04-09 16:11:15:1115 [32minfo[39m: [32mConnected to MongoDB[39m
2026-04-09 16:11:15:1115 [32minfo[39m: [32mSuperadmin credentials synced[39m
2026-04-09 16:11:15:1115 [32minfo[39m: [32mCategories seeded[39m
2026-04-09 16:11:15:1115 [32minfo[39m: [32mBooks seeded[39m
2026-04-09 16:11:15:1115 [32minfo[39m: [32mServer is running on port 5001[39m
2026-04-09 16:16:48:1648 [32minfo[39m: [32mConnected to MongoDB[39m
2026-04-09 16:16:48:1648 [32minfo[39m: [32mSuperadmin credentials synced[39m
2026-04-09 16:16:48:1648 [32minfo[39m: [32mCategories seeded[39m
2026-04-09 16:16:48:1648 [32minfo[39m: [32mBooks seeded[39m
2026-04-09 16:16:48:1648 [32minfo[39m: [32mServer is running on port 5001[39m
2026-04-09 16:17:00:170 [32minfo[39m: [32mConnected to MongoDB[39m
2026-04-09 16:17:00:170 [32minfo[39m: [32mSuperadmin credentials synced[39m
2026-04-09 16:17:00:170 [32minfo[39m: [32mCategories seeded[39m
2026-04-09 16:17:00:170 [32minfo[39m: [32mBooks seeded[39m
2026-04-09 16:17:00:170 [32minfo[39m: [32mServer is running on port 5001[39m
2026-04-09 16:17:08:178 [32minfo[39m: [32mConnected to MongoDB[39m
2026-04-09 16:17:08:178 [32minfo[39m: [32mSuperadmin credentials synced[39m
2026-04-09 16:17:08:178 [32minfo[39m: [32mCategories seeded[39m
2026-04-09 16:17:08:178 [32minfo[39m: [32mBooks seeded[39m
2026-04-09 16:17:08:178 [32minfo[39m: [32mServer is running on port 5001[39m
2026-04-09 16:17:14:1714 [32minfo[39m: [32mConnected to MongoDB[39m
2026-04-09 16:17:14:1714 [32minfo[39m: [32mSuperadmin credentials synced[39m
2026-04-09 16:17:14:1714 [32minfo[39m: [32mCategories seeded[39m
2026-04-09 16:17:14:1714 [32minfo[39m: [32mBooks seeded[39m
2026-04-09 16:17:14:1714 [32minfo[39m: [32mServer is running on port 5001[39m
2026-04-09 16:17:26:1726 [32minfo[39m: [32mConnected to MongoDB[39m
2026-04-09 16:17:26:1726 [32minfo[39m: [32mSuperadmin credentials synced[39m
2026-04-09 16:17:26:1726 [32minfo[39m: [32mCategories seeded[39m
2026-04-09 16:17:26:1726 [32minfo[39m: [32mBooks seeded[39m
2026-04-09 16:17:26:1726 [32minfo[39m: [32mServer is running on port 5001[39m
2026-04-09 16:20:14:2014 [32minfo[39m: [32mConnected to MongoDB[39m
2026-04-09 16:20:15:2015 [32minfo[39m: [32mSuperadmin credentials synced[39m
2026-04-09 16:20:15:2015 [32minfo[39m: [32mCategories seeded[39m
2026-04-09 16:20:15:2015 [32minfo[39m: [32mBooks seeded[39m
2026-04-09 16:20:15:2015 [32minfo[39m: [32mServer is running on port 5001[39m
2026-04-09 16:20:27:2027 [32minfo[39m: [32mConnected to MongoDB[39m
2026-04-09 16:20:27:2027 [32minfo[39m: [32mSuperadmin credentials synced[39m
2026-04-09 16:20:27:2027 [32minfo[39m: [32mCategories seeded[39m
2026-04-09 16:20:27:2027 [32minfo[39m: [32mBooks seeded[39m
2026-04-09 16:20:42:2042 [32minfo[39m: [32mConnected to MongoDB[39m
2026-04-09 16:20:42:2042 [32minfo[39m: [32mSuperadmin credentials synced[39m
2026-04-09 16:20:42:2042 [32minfo[39m: [32mCategories seeded[39m
2026-04-09 16:20:42:2042 [32minfo[39m: [32mBooks seeded[39m
2026-04-09 16:20:42:2042 [32minfo[39m: [32mServer is running on port 5001[39m
2026-04-09 16:23:18:2318 [32minfo[39m: [32mConnected to MongoDB[39m
2026-04-09 16:23:18:2318 [32minfo[39m: [32mConnected to MongoDB[39m
2026-04-09 16:23:18:2318 [32minfo[39m: [32mConnected to MongoDB[39m
2026-04-09 16:23:18:2318 [32minfo[39m: [32mSuperadmin credentials synced[39m
2026-04-09 16:23:18:2318 [32minfo[39m: [32mSuperadmin credentials synced[39m
2026-04-09 16:23:18:2318 [32minfo[39m: [32mCategories seeded[39m
2026-04-09 16:23:18:2318 [32minfo[39m: [32mSuperadmin credentials synced[39m
2026-04-09 16:23:18:2318 [32minfo[39m: [32mCategories seeded[39m
2026-04-09 16:23:18:2318 [32minfo[39m: [32mBooks seeded[39m
2026-04-09 16:23:18:2318 [32minfo[39m: [32mBooks seeded[39m
2026-04-09 16:23:18:2318 [32minfo[39m: [32mServer is running on port 5001[39m
2026-04-09 16:23:18:2318 [32minfo[39m: [32mCategories seeded[39m
2026-04-09 16:23:18:2318 [32minfo[39m: [32mBooks seeded[39m
2026-04-09 16:23:29:2329 [32minfo[39m: [32mConnected to MongoDB[39m
2026-04-09 16:23:29:2329 [32minfo[39m: [32mConnected to MongoDB[39m
2026-04-09 16:23:29:2329 [32minfo[39m: [32mConnected to MongoDB[39m
2026-04-09 16:23:29:2329 [32minfo[39m: [32mSuperadmin credentials synced[39m
2026-04-09 16:23:29:2329 [32minfo[39m: [32mSuperadmin credentials synced[39m
2026-04-09 16:23:29:2329 [32minfo[39m: [32mSuperadmin credentials synced[39m
2026-04-09 16:23:29:2329 [32minfo[39m: [32mCategories seeded[39m
2026-04-09 16:23:29:2329 [32minfo[39m: [32mCategories seeded[39m
2026-04-09 16:23:29:2329 [32minfo[39m: [32mCategories seeded[39m
2026-04-09 16:23:29:2329 [32minfo[39m: [32mBooks seeded[39m
2026-04-09 16:23:29:2329 [32minfo[39m: [32mBooks seeded[39m
2026-04-09 16:23:29:2329 [32minfo[39m: [32mBooks seeded[39m
2026-04-09 16:23:29:2329 [32minfo[39m: [32mServer is running on port 5001[39m
2026-04-09 16:23:35:2335 [32minfo[39m: [32mConnected to MongoDB[39m
2026-04-09 16:23:35:2335 [32minfo[39m: [32mConnected to MongoDB[39m
2026-04-09 16:23:35:2335 [32minfo[39m: [32mConnected to MongoDB[39m
2026-04-09 16:23:35:2335 [32minfo[39m: [32mSuperadmin credentials synced[39m
2026-04-09 16:23:35:2335 [32minfo[39m: [32mCategories seeded[39m
2026-04-09 16:23:35:2335 [32minfo[39m: [32mSuperadmin credentials synced[39m
2026-04-09 16:23:35:2335 [32minfo[39m: [32mBooks seeded[39m
2026-04-09 16:23:35:2335 [32minfo[39m: [32mServer is running on port 5001[39m
2026-04-09 16:23:35:2335 [32minfo[39m: [32mCategories seeded[39m
2026-04-09 16:23:35:2335 [32minfo[39m: [32mSuperadmin credentials synced[39m
2026-04-09 16:23:35:2335 [32minfo[39m: [32mBooks seeded[39m
2026-04-09 16:23:35:2335 [32minfo[39m: [32mCategories seeded[39m
2026-04-09 16:23:35:2335 [32minfo[39m: [32mBooks seeded[39m
2026-04-09 16:24:24:2424 [32minfo[39m: [32mConnected to MongoDB[39m
2026-04-09 16:24:25:2425 [32minfo[39m: [32mSuperadmin credentials synced[39m
2026-04-09 16:24:25:2425 [32minfo[39m: [32mCategories seeded[39m
2026-04-09 16:24:25:2425 [32minfo[39m: [32mBooks seeded[39m
2026-04-09 16:24:33:2433 [32minfo[39m: [32mConnected to MongoDB[39m
2026-04-09 16:24:33:2433 [32minfo[39m: [32mSuperadmin credentials synced[39m
2026-04-09 16:24:33:2433 [32minfo[39m: [32mCategories seeded[39m
2026-04-09 16:24:33:2433 [32minfo[39m: [32mBooks seeded[39m
2026-04-09 16:24:33:2433 [32minfo[39m: [32mServer is running on port 5001[39m
2026-04-09 16:26:10:2610 [32minfo[39m: [32mConnected to MongoDB[39m
2026-04-09 16:26:10:2610 [32minfo[39m: [32mSuperadmin credentials synced[39m
2026-04-09 16:26:10:2610 [32minfo[39m: [32mCategories seeded[39m
2026-04-09 16:26:10:2610 [32minfo[39m: [32mBooks seeded[39m
2026-04-09 16:26:10:2610 [32minfo[39m: [32mServer is running on port 5001[39m
2026-04-09 16:26:16:2616 [32minfo[39m: [32mConnected to MongoDB[39m
2026-04-09 16:26:16:2616 [32minfo[39m: [32mSuperadmin credentials synced[39m
2026-04-09 16:26:16:2616 [32minfo[39m: [32mCategories seeded[39m
2026-04-09 16:26:16:2616 [32minfo[39m: [32mBooks seeded[39m
2026-04-09 16:26:16:2616 [32minfo[39m: [32mServer is running on port 5001[39m
2026-04-09 16:28:06:286 [32minfo[39m: [32mConnected to MongoDB[39m
2026-04-09 16:28:06:286 [32minfo[39m: [32mSuperadmin credentials synced[39m
2026-04-09 16:28:06:286 [32minfo[39m: [32mCategories seeded[39m
2026-04-09 16:28:06:286 [32minfo[39m: [32mBooks seeded[39m
2026-04-09 16:28:06:286 [32minfo[39m: [32mServer is running on port 5001[39m
2026-04-09 16:31:30:3130 [32minfo[39m: [32mConnected to MongoDB[39m
2026-04-09 16:31:30:3130 [32minfo[39m: [32mSuperadmin credentials synced[39m
2026-04-09 16:31:30:3130 [32minfo[39m: [32mCategories seeded[39m
2026-04-09 16:31:30:3130 [32minfo[39m: [32mBooks seeded[39m
2026-04-09 16:31:30:3130 [32minfo[39m: [32mServer is running on port 5001[39m
2026-04-09 16:31:39:3139 [32minfo[39m: [32mConnected to MongoDB[39m
2026-04-09 16:31:39:3139 [32minfo[39m: [32mSuperadmin credentials synced[39m
2026-04-09 16:31:39:3139 [32minfo[39m: [32mCategories seeded[39m
2026-04-09 16:31:39:3139 [32minfo[39m: [32mBooks seeded[39m
2026-04-09 16:31:39:3139 [32minfo[39m: [32mServer is running on port 5001[39m
2026-04-09 16:31:45:3145 [32minfo[39m: [32mConnected to MongoDB[39m
2026-04-09 16:31:45:3145 [32minfo[39m: [32mSuperadmin credentials synced[39m
2026-04-09 16:31:45:3145 [32minfo[39m: [32mCategories seeded[39m
2026-04-09 16:31:45:3145 [32minfo[39m: [32mBooks seeded[39m
2026-04-09 16:31:45:3145 [32minfo[39m: [32mServer is running on port 5001[39m
2026-04-09 16:39:10:3910 [32minfo[39m: [32mConnected to MongoDB[39m
2026-04-09 16:39:10:3910 [32minfo[39m: [32mSuperadmin credentials synced[39m
2026-04-09 16:39:10:3910 [32minfo[39m: [32mCategories seeded[39m
2026-04-09 16:39:10:3910 [32minfo[39m: [32mBooks seeded[39m
2026-04-09 16:39:10:3910 [32minfo[39m: [32mServer is running on port 5001[39m
2026-04-09 16:45:50:4550 [32minfo[39m: [32mConnected to MongoDB[39m
2026-04-09 16:45:50:4550 [32minfo[39m: [32mSuperadmin credentials synced[39m
2026-04-09 16:45:50:4550 [32minfo[39m: [32mCategories seeded[39m
2026-04-09 16:45:50:4550 [32minfo[39m: [32mBooks seeded[39m
2026-04-09 16:45:50:4550 [32minfo[39m: [32mServer is running on port 5001[39m
2026-04-09 16:45:55:4555 [32minfo[39m: [32mConnected to MongoDB[39m
2026-04-09 16:45:55:4555 [32minfo[39m: [32mSuperadmin credentials synced[39m
2026-04-09 16:45:55:4555 [32minfo[39m: [32mCategories seeded[39m
2026-04-09 16:45:55:4555 [32minfo[39m: [32mBooks seeded[39m
2026-04-09 16:45:55:4555 [32minfo[39m: [32mServer is running on port 5001[39m
2026-04-09 16:46:02:462 [32minfo[39m: [32mConnected to MongoDB[39m
2026-04-09 16:46:02:462 [32minfo[39m: [32mSuperadmin credentials synced[39m
2026-04-09 16:46:02:462 [32minfo[39m: [32mCategories seeded[39m
2026-04-09 16:46:02:462 [32minfo[39m: [32mBooks seeded[39m
2026-04-09 16:46:02:462 [32minfo[39m: [32mServer is running on port 5001[39m
2026-04-09 16:46:07:467 [32minfo[39m: [32mConnected to MongoDB[39m
2026-04-09 16:46:08:468 [32minfo[39m: [32mSuperadmin credentials synced[39m
2026-04-09 16:46:08:468 [32minfo[39m: [32mCategories seeded[39m
2026-04-09 16:46:08:468 [32minfo[39m: [32mBooks seeded[39m
2026-04-09 16:46:08:468 [32minfo[39m: [32mServer is running on port 5001[39m
2026-04-09 16:46:23:4623 [32minfo[39m: [32mConnected to MongoDB[39m
2026-04-09 16:46:23:4623 [32minfo[39m: [32mSuperadmin credentials synced[39m
2026-04-09 16:46:23:4623 [32minfo[39m: [32mCategories seeded[39m
2026-04-09 16:46:23:4623 [32minfo[39m: [32mBooks seeded[39m
2026-04-09 16:46:23:4623 [32minfo[39m: [32mServer is running on port 5001[39m
2026-04-09 16:51:40:5140 [32minfo[39m: [32mConnected to MongoDB[39m
2026-04-09 16:51:40:5140 [32minfo[39m: [32mSuperadmin credentials synced[39m
2026-04-09 16:51:40:5140 [32minfo[39m: [32mCategories seeded[39m
2026-04-09 16:51:40:5140 [32minfo[39m: [32mBooks seeded[39m
2026-04-09 16:51:40:5140 [32minfo[39m: [32mServer is running on port 5001[39m
2026-04-09 16:58:28:5828 [32minfo[39m: [32mConnected to MongoDB[39m
2026-04-09 16:58:28:5828 [32minfo[39m: [32mSuperadmin credentials synced[39m
2026-04-09 16:58:28:5828 [32minfo[39m: [32mCategories seeded[39m
2026-04-09 16:58:28:5828 [32minfo[39m: [32mBooks seeded[39m
2026-04-09 16:58:28:5828 [32minfo[39m: [32mServer is running on port 5001[39m
2026-04-09 16:58:54:5854 [32minfo[39m: [32mConnected to MongoDB[39m
2026-04-09 16:58:54:5854 [32minfo[39m: [32mSuperadmin credentials synced[39m
2026-04-09 16:58:54:5854 [32minfo[39m: [32mCategories seeded[39m
2026-04-09 16:58:54:5854 [32minfo[39m: [32mBooks seeded[39m
2026-04-09 16:58:54:5854 [32minfo[39m: [32mServer is running on port 5001[39m
2026-04-09 17:06:02:62 [32minfo[39m: [32mConnected to MongoDB[39m
2026-04-09 17:06:02:62 [32minfo[39m: [32mSuperadmin credentials synced[39m
2026-04-09 17:06:02:62 [32minfo[39m: [32mCategories seeded[39m
2026-04-09 17:06:02:62 [32minfo[39m: [32mBooks seeded[39m
2026-04-09 17:06:02:62 [32minfo[39m: [32mServer is running on port 5001[39m
2026-04-09 17:06:09:69 [32minfo[39m: [32mConnected to MongoDB[39m
2026-04-09 17:06:09:69 [32minfo[39m: [32mSuperadmin credentials synced[39m
2026-04-09 17:06:09:69 [32minfo[39m: [32mCategories seeded[39m
2026-04-09 17:06:09:69 [32minfo[39m: [32mBooks seeded[39m
2026-04-09 17:06:09:69 [32minfo[39m: [32mServer is running on port 5001[39m
2026-04-09 17:10:37:1037 [32minfo[39m: [32mConnected to MongoDB[39m
2026-04-09 17:10:37:1037 [32minfo[39m: [32mSuperadmin credentials synced[39m
2026-04-09 17:10:37:1037 [32minfo[39m: [32mCategories seeded[39m
2026-04-09 17:10:37:1037 [32minfo[39m: [32mBooks seeded[39m
2026-04-09 17:10:37:1037 [32minfo[39m: [32mServer is running on port 5001[39m
2026-04-09 17:10:44:1044 [32minfo[39m: [32mConnected to MongoDB[39m
2026-04-09 17:10:44:1044 [32minfo[39m: [32mSuperadmin credentials synced[39m
2026-04-09 17:10:44:1044 [32minfo[39m: [32mCategories seeded[39m
2026-04-09 17:10:44:1044 [32minfo[39m: [32mBooks seeded[39m
2026-04-09 17:10:44:1044 [32minfo[39m: [32mServer is running on port 5001[39m
2026-04-09 17:10:53:1053 [32minfo[39m: [32mConnected to MongoDB[39m
2026-04-09 17:10:53:1053 [32minfo[39m: [32mSuperadmin credentials synced[39m
2026-04-09 17:10:53:1053 [32minfo[39m: [32mCategories seeded[39m
2026-04-09 17:10:53:1053 [32minfo[39m: [32mBooks seeded[39m
2026-04-09 17:10:53:1053 [32minfo[39m: [32mServer is running on port 5001[39m
2026-04-09 17:16:48:1648 [32minfo[39m: [32mConnected to MongoDB[39m
2026-04-09 17:16:48:1648 [32minfo[39m: [32mSuperadmin credentials synced[39m
2026-04-09 17:16:48:1648 [32minfo[39m: [32mCategories seeded[39m
2026-04-09 17:16:48:1648 [32minfo[39m: [32mBooks seeded[39m
2026-04-09 17:16:48:1648 [32minfo[39m: [32mServer is running on port 5001[39m
2026-04-09 17:19:45:1945 [32minfo[39m: [32mConnected to MongoDB[39m
2026-04-09 17:19:45:1945 [32minfo[39m: [32mSuperadmin credentials synced[39m
2026-04-09 17:19:45:1945 [32minfo[39m: [32mCategories seeded[39m
2026-04-09 17:19:45:1945 [32minfo[39m: [32mBooks seeded[39m
2026-04-09 17:19:45:1945 [32minfo[39m: [32mServer is running on port 5001[39m
2026-04-09 17:24:10:2410 [32minfo[39m: [32mConnected to MongoDB[39m
2026-04-09 17:24:10:2410 [32minfo[39m: [32mSuperadmin credentials synced[39m
2026-04-09 17:24:10:2410 [32minfo[39m: [32mCategories seeded[39m
2026-04-09 17:24:10:2410 [32minfo[39m: [32mBooks seeded[39m
2026-04-09 17:24:10:2410 [32minfo[39m: [32mServer is running on port 5001[39m
2026-04-09 17:24:17:2417 [32minfo[39m: [32mConnected to MongoDB[39m
2026-04-09 17:24:17:2417 [32minfo[39m: [32mSuperadmin credentials synced[39m
2026-04-09 17:24:17:2417 [32minfo[39m: [32mCategories seeded[39m
2026-04-09 17:24:17:2417 [32minfo[39m: [32mBooks seeded[39m
2026-04-09 17:24:17:2417 [32minfo[39m: [32mServer is running on port 5001[39m
2026-04-09 17:24:25:2425 [32minfo[39m: [32mConnected to MongoDB[39m
2026-04-09 17:24:25:2425 [32minfo[39m: [32mSuperadmin credentials synced[39m
2026-04-09 17:24:25:2425 [32minfo[39m: [32mCategories seeded[39m
2026-04-09 17:24:25:2425 [32minfo[39m: [32mBooks seeded[39m
2026-04-09 17:24:25:2425 [32minfo[39m: [32mServer is running on port 5001[39m
2026-04-09 17:37:22:3722 [32minfo[39m: [32mConnected to MongoDB[39m
2026-04-09 17:37:22:3722 [32minfo[39m: [32mConnected to MongoDB[39m
2026-04-09 17:37:22:3722 [32minfo[39m: [32mSuperadmin credentials synced[39m
2026-04-09 17:37:22:3722 [32minfo[39m: [32mSuperadmin credentials synced[39m
2026-04-09 17:37:22:3722 [32minfo[39m: [32mCategories seeded[39m
2026-04-09 17:37:22:3722 [32minfo[39m: [32mCategories seeded[39m
2026-04-09 17:37:22:3722 [32minfo[39m: [32mBooks seeded[39m
2026-04-09 17:37:22:3722 [32minfo[39m: [32mServer is running on port 5001[39m
2026-04-09 17:37:22:3722 [32minfo[39m: [32mBooks seeded[39m
2026-04-09 17:37:39:3739 [32minfo[39m: [32mConnected to MongoDB[39m
2026-04-09 17:37:39:3739 [32minfo[39m: [32mConnected to MongoDB[39m
2026-04-09 17:37:40:3740 [32minfo[39m: [32mSuperadmin credentials synced[39m
2026-04-09 17:37:40:3740 [32minfo[39m: [32mCategories seeded[39m
2026-04-09 17:37:40:3740 [32minfo[39m: [32mSuperadmin credentials synced[39m
2026-04-09 17:37:40:3740 [32minfo[39m: [32mBooks seeded[39m
2026-04-09 17:37:40:3740 [32minfo[39m: [32mServer is running on port 5001[39m
2026-04-09 17:37:40:3740 [32minfo[39m: [32mCategories seeded[39m
2026-04-09 17:37:40:3740 [32minfo[39m: [32mBooks seeded[39m
2026-04-09 17:38:09:389 [32minfo[39m: [32mConnected to MongoDB[39m
2026-04-09 17:38:09:389 [32minfo[39m: [32mSuperadmin credentials synced[39m
2026-04-09 17:38:09:389 [32minfo[39m: [32mCategories seeded[39m
2026-04-09 17:38:09:389 [32minfo[39m: [32mBooks seeded[39m
2026-04-09 17:38:09:389 [32minfo[39m: [32mServer is running on port 5001[39m
2026-04-09 17:38:51:3851 [32minfo[39m: [32mConnected to MongoDB[39m
2026-04-09 17:38:51:3851 [32minfo[39m: [32mSuperadmin credentials synced[39m
2026-04-09 17:38:51:3851 [32minfo[39m: [32mCategories seeded[39m
2026-04-09 17:38:51:3851 [32minfo[39m: [32mBooks seeded[39m
2026-04-09 17:38:51:3851 [32minfo[39m: [32mServer is running on port 5001[39m
2026-04-09 17:42:28:4228 [32minfo[39m: [32mConnected to MongoDB[39m
2026-04-09 17:42:28:4228 [32minfo[39m: [32mSuperadmin credentials synced[39m
2026-04-09 17:42:28:4228 [32minfo[39m: [32mCategories seeded[39m
2026-04-09 17:42:28:4228 [32minfo[39m: [32mBooks seeded[39m
2026-04-09 17:42:28:4228 [32minfo[39m: [32mServer is running on port 5001[39m
2026-04-09 17:43:41:4341 [32minfo[39m: [32mConnected to MongoDB[39m
2026-04-09 17:43:41:4341 [32minfo[39m: [32mSuperadmin credentials synced[39m
2026-04-09 17:43:41:4341 [32minfo[39m: [32mCategories seeded[39m
2026-04-09 17:43:41:4341 [32minfo[39m: [32mBooks seeded[39m
2026-04-09 17:43:41:4341 [32minfo[39m: [32mServer is running on port 5001[39m
2026-04-09 17:44:09:449 [32minfo[39m: [32mConnected to MongoDB[39m
2026-04-09 17:44:09:449 [32minfo[39m: [32mSuperadmin credentials synced[39m
2026-04-09 17:44:09:449 [32minfo[39m: [32mCategories seeded[39m
2026-04-09 17:44:09:449 [32minfo[39m: [32mBooks seeded[39m
2026-04-09 17:44:09:449 [32minfo[39m: [32mServer is running on port 5001[39m
2026-04-09 17:48:21:4821 [32minfo[39m: [32mConnected to MongoDB[39m
2026-04-09 17:48:21:4821 [32minfo[39m: [32mSuperadmin credentials synced[39m
2026-04-09 17:48:21:4821 [32minfo[39m: [32mCategories seeded[39m
2026-04-09 17:48:21:4821 [32minfo[39m: [32mBooks seeded: 17 books with 2 copies each[39m
2026-04-09 17:48:21:4821 [32minfo[39m: [32mServer is running on port 5001[39m
2026-04-09 17:48:30:4830 [32minfo[39m: [32mConnected to MongoDB[39m
2026-04-09 17:48:30:4830 [32minfo[39m: [32mSuperadmin credentials synced[39m
2026-04-09 17:48:30:4830 [32minfo[39m: [32mCategories seeded[39m
2026-04-09 17:48:30:4830 [32minfo[39m: [32mBooks seeded[39m
2026-04-09 17:49:30:4930 [32minfo[39m: [32mConnected to MongoDB[39m
2026-04-09 17:49:30:4930 [32minfo[39m: [32mSuperadmin credentials synced[39m
2026-04-09 17:49:30:4930 [32minfo[39m: [32mCategories seeded[39m
2026-04-09 17:49:30:4930 [32minfo[39m: [32mBooks seeded[39m
2026-04-09 17:49:30:4930 [32minfo[39m: [32mServer is running on port 5001[39m
2026-04-09 17:52:29:5229 [32minfo[39m: [32mConnected to MongoDB[39m
2026-04-09 17:52:29:5229 [32minfo[39m: [32mConnected to MongoDB[39m
2026-04-09 17:52:29:5229 [32minfo[39m: [32mConnected to MongoDB[39m
2026-04-09 17:52:29:5229 [32minfo[39m: [32mSuperadmin credentials synced[39m
2026-04-09 17:52:29:5229 [32minfo[39m: [32mSuperadmin credentials synced[39m
2026-04-09 17:52:29:5229 [32minfo[39m: [32mSuperadmin credentials synced[39m
2026-04-09 17:52:29:5229 [32minfo[39m: [32mCategories seeded[39m
2026-04-09 17:52:29:5229 [32minfo[39m: [32mCategories seeded[39m
2026-04-09 17:52:29:5229 [32minfo[39m: [32mCategories seeded[39m
2026-04-09 17:52:29:5229 [32minfo[39m: [32mBooks seeded[39m
2026-04-09 17:52:29:5229 [32minfo[39m: [32mServer is running on port 5001[39m
2026-04-09 17:52:29:5229 [32minfo[39m: [32mBooks seeded[39m
2026-04-09 17:52:29:5229 [32minfo[39m: [32mBooks seeded[39m
